# JRE version: OpenJDK Runtime Environment Temurin-21.0.10+7 (21.0.10+7) (build 21.0.10+7-LTS)
# Java VM: OpenJDK 64-Bit Server VM Temurin-21.0.10+7 (21.0.10+7-LTS, mixed mode, sharing, tiered, compressed oops, compressed class ptrs, g1 gc, windows-amd64)
GC Precious Log:
 CardTable entry size: 512
 Card Set container configuration: InlinePtr #cards 4 size 8 Array Of Cards #cards 16 size 48 Howl #buckets 8 coarsen threshold 3686 Howl Bitmap #cards 512 size 80 coarsen threshold 460 Card regions per heap region 1 cards per card region 4096
 CPUs: 8 total, 8 available
 Memory: 15761M
 Large Page Support: Disabled
 NUMA Support: Disabled
 Compressed Oops: Enabled (Zero based)
 Heap Region Size: 2M
 Heap Min Capacity: 8M
 Heap Initial Capacity: 8M
 Heap Max Capacity: 3942M
 Pre-touch: Disabled
 Parallel Workers: 8
 Concurrent Workers: 2
 Concurrent Refinement Workers: 8
 Periodic GC: Disabled
Heap:
 garbage-first heap   total 239616K, used 100671K [0x0000000709a00000, 0x0000000800000000)
  region size 2048K, 23 young (47104K), 4 survivors (8192K)
 Metaspace       used 18241K, committed 18688K, reserved 1114112K
  class space    used 1849K, committed 2048K, reserved 1048576K
GC Heap History (20 events):
Event: 1.465 GC heap before
{Heap before GC invocations=12 (full 0):
 garbage-first heap   total 90112K, used 61440K [0x0000000709a00000, 0x0000000800000000)
  region size 2048K, 15 young (30720K), 2 survivors (4096K)
 Metaspace       used 10679K, committed 10816K, reserved 1114112K
  class space    used 1124K, committed 1216K, reserved 1048576K
}
Event: 1.473 GC heap after
{Heap after GC invocations=13 (full 0):
 garbage-first heap   total 90112K, used 40960K [0x0000000709a00000, 0x0000000800000000)
  region size 2048K, 2 young (4096K), 2 survivors (4096K)
 Metaspace       used 10679K, committed 10816K, reserved 1114112K
  class space    used 1124K, committed 1216K, reserved 1048576K
}
Event: 1.764 GC heap before
{Heap before GC invocations=13 (full 0):
 garbage-first heap   total 90112K, used 67584K [0x0000000709a00000, 0x0000000800000000)
  region size 2048K, 15 young (30720K), 2 survivors (4096K)
 Metaspace       used 12083K, committed 12288K, reserved 1114112K
  class space    used 1252K, committed 1344K, reserved 1048576K
}
Event: 1.772 GC heap after
{Heap after GC invocations=14 (full 0):
 garbage-first heap   total 135168K, used 43809K [0x0000000709a00000, 0x0000000800000000)
  region size 2048K, 2 young (4096K), 2 survivors (4096K)
 Metaspace       used 12083K, committed 12288K, reserved 1114112K
  class space    used 1252K, committed 1344K, reserved 1048576K
}
Event: 2.202 GC heap before
{Heap before GC invocations=14 (full 0):
 garbage-first heap   total 135168K, used 95009K [0x0000000709a00000, 0x0000000800000000)
  region size 2048K, 28 young (57344K), 2 survivors (4096K)
 Metaspace       used 14458K, committed 14912K, reserved 1114112K
  class space    used 1525K, committed 1728K, reserved 1048576K
}
Event: 2.208 GC heap after
{Heap after GC invocations=15 (full 0):
 garbage-first heap   total 135168K, used 45142K [0x0000000709a00000, 0x0000000800000000)
  region size 2048K, 2 young (4096K), 2 survivors (4096K)
 Metaspace       used 14458K, committed 14912K, reserved 1114112K
  class space    used 1525K, committed 1728K, reserved 1048576K
}
Event: 2.564 GC heap before
{Heap before GC invocations=15 (full 0):
 garbage-first heap   total 135168K, used 114774K [0x0000000709a00000, 0x0000000800000000)
  region size 2048K, 36 young (73728K), 2 survivors (4096K)
 Metaspace       used 14807K, committed 15232K, reserved 1114112K
  class space    used 1536K, committed 1728K, reserved 1048576K
}
Event: 2.576 GC heap after
{Heap after GC invocations=16 (full 0):
 garbage-first heap   total 135168K, used 49267K [0x0000000709a00000, 0x0000000800000000)
  region size 2048K, 4 young (8192K), 4 survivors (8192K)
 Metaspace       used 14807K, committed 15232K, reserved 1114112K
  class space    used 1536K, committed 1728K, reserved 1048576K
}
Event: 2.834 GC heap before
{Heap before GC invocations=16 (full 0):
 garbage-first heap   total 135168K, used 112755K [0x0000000709a00000, 0x0000000800000000)
  region size 2048K, 35 young (71680K), 4 survivors (8192K)
 Metaspace       used 14978K, committed 15360K, reserved 1114112K
  class space    used 1558K, committed 1728K, reserved 1048576K
}
Event: 2.847 GC heap after
{Heap after GC invocations=17 (full 0):
 garbage-first heap   total 135168K, used 52251K [0x0000000709a00000, 0x0000000800000000)
  region size 2048K, 4 young (8192K), 4 survivors (8192K)
 Metaspace       used 14978K, committed 15360K, reserved 1114112K
  class space    used 1558K, committed 1728K, reserved 1048576K
}
Event: 3.014 GC heap before
{Heap before GC invocations=17 (full 0):
 garbage-first heap   total 135168K, used 115739K [0x0000000709a00000, 0x0000000800000000)
  region size 2048K, 35 young (71680K), 4 survivors (8192K)
 Metaspace       used 15032K, committed 15360K, reserved 1114112K
  class space    used 1560K, committed 1728K, reserved 1048576K
}
Event: 3.024 GC heap after
{Heap after GC invocations=18 (full 0):
 garbage-first heap   total 169984K, used 54775K [0x0000000709a00000, 0x0000000800000000)
  region size 2048K, 3 young (6144K), 3 survivors (6144K)
 Metaspace       used 15032K, committed 15360K, reserved 1114112K
  class space    used 1560K, committed 1728K, reserved 1048576K
}
Event: 3.316 GC heap before
{Heap before GC invocations=18 (full 0):
 garbage-first heap   total 169984K, used 148983K [0x0000000709a00000, 0x0000000800000000)
  region size 2048K, 49 young (100352K), 3 survivors (6144K)
 Metaspace       used 15205K, committed 15616K, reserved 1114112K
  class space    used 1571K, committed 1728K, reserved 1048576K
}
Event: 3.327 GC heap after
{Heap after GC invocations=19 (full 0):
 garbage-first heap   total 169984K, used 57561K [0x0000000709a00000, 0x0000000800000000)
  region size 2048K, 5 young (10240K), 5 survivors (10240K)
 Metaspace       used 15205K, committed 15616K, reserved 1114112K
  class space    used 1571K, committed 1728K, reserved 1048576K
}
Event: 3.548 GC heap before
{Heap before GC invocations=19 (full 0):
 garbage-first heap   total 169984K, used 147673K [0x0000000709a00000, 0x0000000800000000)
  region size 2048K, 49 young (100352K), 5 survivors (10240K)
 Metaspace       used 15274K, committed 15680K, reserved 1114112K
  class space    used 1571K, committed 1792K, reserved 1048576K
}
Event: 3.558 GC heap after
{Heap after GC invocations=20 (full 0):
 garbage-first heap   total 169984K, used 57365K [0x0000000709a00000, 0x0000000800000000)
  region size 2048K, 3 young (6144K), 3 survivors (6144K)
 Metaspace       used 15274K, committed 15680K, reserved 1114112K
  class space    used 1571K, committed 1792K, reserved 1048576K
}
Event: 3.786 GC heap before
{Heap before GC invocations=20 (full 0):
 garbage-first heap   total 169984K, used 151573K [0x0000000709a00000, 0x0000000800000000)
  region size 2048K, 49 young (100352K), 3 survivors (6144K)
 Metaspace       used 15305K, committed 15744K, reserved 1114112K
  class space    used 1574K, committed 1792K, reserved 1048576K
}
Event: 3.794 GC heap after
{Heap after GC invocations=21 (full 0):
 garbage-first heap   total 169984K, used 57708K [0x0000000709a00000, 0x0000000800000000)
  region size 2048K, 3 young (6144K), 3 survivors (6144K)
 Metaspace       used 15305K, committed 15744K, reserved 1114112K
  class space    used 1574K, committed 1792K, reserved 1048576K
}
Event: 4.542 GC heap before
{Heap before GC invocations=21 (full 0):
 garbage-first heap   total 169984K, used 151916K [0x0000000709a00000, 0x0000000800000000)
  region size 2048K, 49 young (100352K), 3 survivors (6144K)
 Metaspace       used 17946K, committed 18368K, reserved 1114112K
  class space    used 1834K, committed 1984K, reserved 1048576K
}
Event: 4.554 GC heap after
{Heap after GC invocations=22 (full 0):
 garbage-first heap   total 239616K, used 59711K [0x0000000709a00000, 0x0000000800000000)
  region size 2048K, 4 young (8192K), 4 survivors (8192K)
 Metaspace       used 17946K, committed 18368K, reserved 1114112K
  class space    used 1834K, committed 1984K, reserved 1048576K
}

